
Logfile opened on Fri Sep 03 11:35:08 2021

-----------------------------------
Connecting player #0 has an unknown GUID
Going from CS_FREE to CS_CONNECTED for  (num 0 guid "")
==== ShutdownGame (0) ====
------- Game Initialization -------
gamename: Call of Duty 4
gamedate: Jun 18 2008
-----------------------------------
Received packet 0 of stats data
Received packet 1 of stats data
Received packet 2 of stats data
Received packet 3 of stats data
Received packet 4 of stats data
Received packet 5 of stats data
Received packet 6 of stats data
Loaded zone 'mp_crash'
Setting state to CA_LOADING in CL_DownloadsComplete
Setting state to CA_LOADING in CL_InitCGame
Cmd_AddCommand: vote already defined
LOADING... collision map
LOADING... graphics
LOADING... maps/mp/mp_crash.d3dbsp
LOADING... game media
LOADING...  - textures
LOADING...  - models
LOADING...  - items
LOADING...  - inline models
LOADING...  - server models
LOADING...  - game media done
LOADING... clients
CL_InitCGame:  0.04 seconds
Com_TouchMemory: 0 msec. Using sum: 1188137994
Hiding channel: gamenotify
Hiding channel: obituary
Adding channel: gamenotify
Adding channel: obituary
Hiding channel: boldgame
Adding channel: boldgame
Hiding channel: subtitle
Adding channel: subtitle
No channels added or hidden
NET_EnableQoSForHost: No IPv4 socket or remote host.
Playing smoke grenades at time 1550
]/promod_mode custom_public
==== ShutdownGame (0) ====
------- Game Initialization -------
gamename: Call of Duty 4
gamedate: Jun 18 2008
-----------------------------------
Playing smoke grenades at time 11450
]/map mp_strike
Unloaded fastfile mp_crash_load
Loading fastfile mp_strike_load
Loaded zone 'mp_strike_load'
==== ShutdownGame (1) ====
------ Server Initialization ------
Server: mp_strike
Current language: english
Current search path:
C:\Program Files (x86)\Activision\Call of Duty 4 - Modern Warfare\mods\pml220\z_c_r.iwd (2 files)
    on the pure list
C:\Program Files (x86)\Activision\Call of Duty 4 - Modern Warfare\mods\pml220\pml220.iwd (47 files)
    on the pure list
C:\Program Files (x86)\Activision\Call of Duty 4 - Modern Warfare/mods/pml220
\fs_savepath\main\jcod4x_00.iwd (67 files)
    on the pure list
C:\Program Files (x86)\Activision\Call of Duty 4 - Modern Warfare\main\iw_13.iwd (265 files)
    on the pure list
C:\Program Files (x86)\Activision\Call of Duty 4 - Modern Warfare\main\iw_12.iwd (33 files)
    on the pure list
C:\Program Files (x86)\Activision\Call of Duty 4 - Modern Warfare\main\iw_11.iwd (448 files)
    on the pure list
C:\Program Files (x86)\Activision\Call of Duty 4 - Modern Warfare\main\iw_10.iwd (230 files)
    on the pure list
C:\Program Files (x86)\Activision\Call of Duty 4 - Modern Warfare\main\iw_09.iwd (447 files)
    on the pure list
C:\Program Files (x86)\Activision\Call of Duty 4 - Modern Warfare\main\iw_08.iwd (66 files)
    on the pure list
C:\Program Files (x86)\Activision\Call of Duty 4 - Modern Warfare\main\iw_07.iwd (34 files)
    on the pure list
C:\Program Files (x86)\Activision\Call of Duty 4 - Modern Warfare\main\iw_06.iwd (416 files)
    on the pure list
C:\Program Files (x86)\Activision\Call of Duty 4 - Modern Warfare\main\iw_05.iwd (716 files)
    on the pure list
C:\Program Files (x86)\Activision\Call of Duty 4 - Modern Warfare\main\iw_04.iwd (765 files)
    on the pure list
C:\Program Files (x86)\Activision\Call of Duty 4 - Modern Warfare\main\iw_03.iwd (670 files)
    on the pure list
C:\Program Files (x86)\Activision\Call of Duty 4 - Modern Warfare\main\iw_02.iwd (1296 files)
    on the pure list
C:\Program Files (x86)\Activision\Call of Duty 4 - Modern Warfare\main\iw_01.iwd (1456 files)
    on the pure list
C:\Program Files (x86)\Activision\Call of Duty 4 - Modern Warfare\main\iw_00.iwd (1054 files)
    on the pure list
C:\Program Files (x86)\Activision\Call of Duty 4 - Modern Warfare/main
C:\Program Files (x86)\Activision\Call of Duty 4 - Modern Warfare/main_shared
C:\Program Files (x86)\Activision\Call of Duty 4 - Modern Warfare/players
C:\Program Files (x86)\Activision\Call of Duty 4 - Modern Warfare\main\localized_english_iw06.iwd (7 files)
    localized assets iwd file for english
    not on the pure list
C:\Program Files (x86)\Activision\Call of Duty 4 - Modern Warfare\main\localized_english_iw05.iwd (1338 files)
    localized assets iwd file for english
    not on the pure list
C:\Program Files (x86)\Activision\Call of Duty 4 - Modern Warfare\main\localized_english_iw04.iwd (1730 files)
    localized assets iwd file for english
    not on the pure list
C:\Program Files (x86)\Activision\Call of Duty 4 - Modern Warfare\main\localized_english_iw03.iwd (3705 files)
    localized assets iwd file for english
    not on the pure list
C:\Program Files (x86)\Activision\Call of Duty 4 - Modern Warfare\main\localized_english_iw02.iwd (3483 files)
    localized assets iwd file for english
    not on the pure list
C:\Program Files (x86)\Activision\Call of Duty 4 - Modern Warfare\main\localized_english_iw01.iwd (3181 files)
    localized assets iwd file for english
    not on the pure list
C:\Program Files (x86)\Activision\Call of Duty 4 - Modern Warfare\main\localized_english_iw00.iwd (2903 files)
    localized assets iwd file for english
    not on the pure list

File Handles:
handle 2: console_mp.log
----------------------
121697 files in iwd files
----- R_Init -----
DirectX reports 1024 MB of video memory and 4023 MB of available texture memory.
Using video memory size to cap used texture memory at 1008 MB.
Using previously reported texture memory size of 1008 MB.
Picmip is set manually.
Using picmip 0 on most textures, 0 on normal maps, and 0 on specular maps
Unloaded fastfile mp_crash
Loading fastfile mp_strike
Waited 352 msec for asset 'maps/mp/mp_strike.d3dbsp' of type 'col_map_mp'.
------- Game Initialization -------
gamename: Call of Duty 4
gamedate: Jun 18 2008
-----------------------------------
-----------------------------------
Server changing map mp_strike, gametype war
Loaded zone 'mp_strike'
Waited 1570 msec for asset 'wc_l_hsm_r0c0n0s0' of type 'techset'.
Received packet 0 of stats data
Received packet 1 of stats data
Received packet 2 of stats data
Received packet 3 of stats data
Received packet 4 of stats data
Received packet 5 of stats data
Received packet 6 of stats data
Setting state to CA_LOADING in CL_DownloadsComplete
Setting state to CA_LOADING in CL_InitCGame
Cmd_AddCommand: vote already defined
LOADING... collision map
LOADING... graphics
LOADING... maps/mp/mp_strike.d3dbsp
LOADING... game media
LOADING...  - textures
LOADING...  - models
LOADING...  - items
LOADING...  - inline models
LOADING...  - server models
LOADING...  - game media done
LOADING... clients
CL_InitCGame:  0.04 seconds
Com_TouchMemory: 0 msec. Using sum: -31469856
Hiding channel: gamenotify
Hiding channel: obituary
Adding channel: gamenotify
Adding channel: obituary
Hiding channel: boldgame
Adding channel: boldgame
Hiding channel: subtitle
Adding channel: subtitle
No channels added or hidden
NET_EnableQoSForHost: No IPv4 socket or remote host.
Playing smoke grenades at time 18100
Error: Could not load material "".
********************
Disconnecting: Disconnected from server
********************
----- Server Shutdown -----
==== ShutdownGame (1) ====
0:.:|BB|:.Pucur EXE_DISCONNECTED
---------------------------
----- R_Init -----
DirectX reports 1024 MB of video memory and 4023 MB of available texture memory.
Using video memory size to cap used texture memory at 1008 MB.
Using previously reported texture memory size of 1008 MB.
Picmip is set manually.
Using picmip 0 on most textures, 0 on normal maps, and 0 on specular maps
Unloaded fastfile mp_strike_load
Unloaded fastfile mp_strike
Loading fastfile ui_mp
Waited 345 msec for asset 'loadscreen_mp_convoy' of type 'material'.
Waited 5 msec for asset 'loadscreen_mp_countdown' of type 'material'.
Waited 5 msec for asset 'loadscreen_mp_crash' of type 'material'.
Waited 5 msec for asset 'loadscreen_mp_crossfire' of type 'material'.
Waited 4 msec for asset 'loadscreen_mp_farm' of type 'material'.
Waited 5 msec for asset 'loadscreen_mp_overgrown' of type 'material'.
Waited 5 msec for asset 'loadscreen_mp_pipeline' of type 'material'.
Waited 5 msec for asset 'loadscreen_mp_shipment' of type 'material'.
Waited 4 msec for asset 'loadscreen_mp_showdown' of type 'material'.
Waited 5 msec for asset 'loadscreen_mp_strike' of type 'material'.
Waited 5 msec for asset 'loadscreen_mp_vacant' of type 'material'.
Waited 5 msec for asset 'loadscreen_mp_crash_snow' of type 'material'.
Loaded zone 'ui_mp'
Waited 1 msec for asset 'loadscreen_mp_creek' of type 'material'.
quitting...
----- CL_Shutdown -----
Error: Sub_57B5C0: Failed to get line info!
-----------------------
Unloaded fastfile ui_mp
Unloaded fastfile localized_common_mp
Unloaded fastfile cod4x_ambfix
Unloaded fastfile common_mp
Unloaded fastfile mod
Unloaded fastfile localized_code_post_gfx_mp
Unloaded fastfile code_post_gfx_mp
