  0:00 ------------------------------------------------------------
  0:00 InitGame: \fs_game\mods/pml220\g_compassShowEnemies\0\g_gametype\war\gamename\Call of Duty 4\mapname\mp_crash\protocol\6\shortversion\1.7\sv_allowAnonymous\0\sv_disableClientConsole\0\sv_floodprotect\4\sv_hostname\e^4S^7uba private ^1DM ^7server ^1*^7SWINE FLU infected^1!\sv_maxclients\15\sv_maxPing\160\sv_maxRate\25000\sv_minPing\0\sv_privateClients\0\sv_punkbuster\0\sv_pure\1\sv_voice\0\ui_maxclients\32\version\CoD4 MP 20.1 win_mingw-x86 Aug  1 2021
  0:00 ShutdownGame:
  0:00 ------------------------------------------------------------
  0:00 ------------------------------------------------------------
  0:00 InitGame: \fs_game\mods/pml220\g_compassShowEnemies\0\g_gametype\war\gamename\Call of Duty 4\mapname\mp_crash\protocol\6\shortversion\1.7\sv_allowAnonymous\0\sv_disableClientConsole\0\sv_floodprotect\4\sv_hostname\e^4S^7uba private ^1DM ^7server ^1*^7SWINE FLU infected^1!\sv_maxclients\15\sv_maxPing\0\sv_maxRate\25000\sv_minPing\0\sv_privateClients\0\sv_punkbuster\0\sv_pure\1\sv_voice\0\ui_maxclients\32\version\CoD4 MP 20.1 win_mingw-x86 Aug  1 2021
  0:01 J;;0;.:|BB|:.Pucur
  0:11 ShutdownGame:
  0:11 ------------------------------------------------------------
  0:11 ------------------------------------------------------------
  0:11 InitGame: \fs_game\mods/pml220\g_compassShowEnemies\0\g_gametype\war\gamename\Call of Duty 4\mapname\mp_crash\protocol\6\shortversion\1.7\sv_allowAnonymous\0\sv_disableClientConsole\0\sv_floodprotect\4\sv_hostname\e^4S^7uba private ^1DM ^7server ^1*^7SWINE FLU infected^1!\sv_maxclients\15\sv_maxPing\0\sv_maxRate\25000\sv_minPing\0\sv_privateClients\0\sv_punkbuster\0\sv_pure\1\sv_voice\0\ui_maxclients\32\version\CoD4 MP 20.1 win_mingw-x86 Aug  1 2021
  0:11 J;;0;.:|BB|:.Pucur
  0:42 ShutdownGame:
  0:42 ------------------------------------------------------------
  0:00 ------------------------------------------------------------
  0:00 InitGame: \fs_game\mods/pml220\g_compassShowEnemies\0\g_gametype\war\gamename\Call of Duty 4\mapname\mp_crash\protocol\6\shortversion\1.7\sv_allowAnonymous\0\sv_disableClientConsole\0\sv_floodprotect\4\sv_hostname\e^4S^7uba private ^1DM ^7server ^1*^7SWINE FLU infected^1!\sv_maxclients\15\sv_maxPing\0\sv_maxRate\25000\sv_minPing\0\sv_privateClients\0\sv_punkbuster\0\sv_pure\1\sv_voice\0\ui_maxclients\32\version\CoD4 MP 20.1 win_mingw-x86 Aug  1 2021
  0:00 ShutdownGame:
  0:00 ------------------------------------------------------------
  0:00 ------------------------------------------------------------
  0:00 InitGame: \fs_game\mods/pml220\g_compassShowEnemies\0\g_gametype\war\gamename\Call of Duty 4\mapname\mp_crash\protocol\6\shortversion\1.7\sv_allowAnonymous\0\sv_disableClientConsole\0\sv_floodprotect\4\sv_hostname\e^4S^7uba private ^1DM ^7server ^1*^7SWINE FLU infected^1!\sv_maxclients\15\sv_maxPing\0\sv_maxRate\25000\sv_minPing\0\sv_privateClients\0\sv_punkbuster\0\sv_pure\1\sv_voice\0\ui_maxclients\32\version\CoD4 MP 20.1 win_mingw-x86 Aug  1 2021
  0:01 J;;0;.:|BB|:.Pucur
  0:14 ShutdownGame:
  0:14 ------------------------------------------------------------
  0:14 ------------------------------------------------------------
  0:14 InitGame: \fs_game\mods/pml220\g_compassShowEnemies\0\g_gametype\war\gamename\Call of Duty 4\mapname\mp_crash\protocol\6\shortversion\1.7\sv_allowAnonymous\0\sv_disableClientConsole\0\sv_floodprotect\4\sv_hostname\e^4S^7uba private ^1DM ^7server ^1*^7SWINE FLU infected^1!\sv_maxclients\15\sv_maxPing\0\sv_maxRate\25000\sv_minPing\0\sv_privateClients\0\sv_punkbuster\0\sv_pure\1\sv_voice\0\ui_maxclients\32\version\CoD4 MP 20.1 win_mingw-x86 Aug  1 2021
  0:14 J;;0;.:|BB|:.Pucur
  0:28 ShutdownGame:
  0:28 ------------------------------------------------------------
  0:00 ------------------------------------------------------------
  0:00 InitGame: \fs_game\mods/pml220\g_compassShowEnemies\0\g_gametype\war\gamename\Call of Duty 4\mapname\mp_crash\protocol\6\shortversion\1.7\sv_allowAnonymous\0\sv_disableClientConsole\0\sv_floodprotect\4\sv_hostname\asd\sv_maxclients\15\sv_maxPing\0\sv_maxRate\25000\sv_minPing\0\sv_privateClients\0\sv_punkbuster\0\sv_pure\1\sv_voice\0\ui_maxclients\32\version\CoD4 MP 20.1 win_mingw-x86 Aug  1 2021
  0:00 ShutdownGame:
  0:00 ------------------------------------------------------------
  0:00 ------------------------------------------------------------
  0:00 InitGame: \fs_game\mods/pml220\g_compassShowEnemies\0\g_gametype\war\gamename\Call of Duty 4\mapname\mp_crash\protocol\6\shortversion\1.7\sv_allowAnonymous\0\sv_disableClientConsole\0\sv_floodprotect\4\sv_hostname\asd\sv_maxclients\15\sv_maxPing\0\sv_maxRate\25000\sv_minPing\0\sv_privateClients\0\sv_punkbuster\0\sv_pure\1\sv_voice\0\ui_maxclients\32\version\CoD4 MP 20.1 win_mingw-x86 Aug  1 2021
  0:01 J;;0;.:|BB|:.Pucur
  0:11 ShutdownGame:
  0:11 ------------------------------------------------------------
  0:11 ------------------------------------------------------------
  0:11 InitGame: \fs_game\mods/pml220\g_compassShowEnemies\0\g_gametype\war\gamename\Call of Duty 4\mapname\mp_crash\protocol\6\shortversion\1.7\sv_allowAnonymous\0\sv_disableClientConsole\0\sv_floodprotect\4\sv_hostname\asd\sv_maxclients\15\sv_maxPing\0\sv_maxRate\25000\sv_minPing\0\sv_privateClients\0\sv_punkbuster\0\sv_pure\1\sv_voice\0\ui_maxclients\32\version\CoD4 MP 20.1 win_mingw-x86 Aug  1 2021
  0:11 J;;0;.:|BB|:.Pucur
  0:16 ShutdownGame:
  0:16 ------------------------------------------------------------
  0:16 ------------------------------------------------------------
  0:16 InitGame: \fs_game\mods/pml220\g_compassShowEnemies\0\g_gametype\war\gamename\Call of Duty 4\mapname\mp_strike\protocol\6\shortversion\1.7\sv_allowAnonymous\0\sv_disableClientConsole\0\sv_floodprotect\4\sv_hostname\asd\sv_maxclients\15\sv_maxPing\0\sv_maxRate\25000\sv_minPing\0\sv_privateClients\0\sv_punkbuster\0\sv_pure\1\sv_voice\0\ui_maxclients\32\version\CoD4 MP 20.1 win_mingw-x86 Aug  1 2021
  0:18 J;;0;.:|BB|:.Pucur
  0:22 ShutdownGame:
  0:22 ------------------------------------------------------------
